{"C:\\Users\\jlaumain\\Documents\\Formation Visiplus\\3ieme_etude_de_cas\\visiplus_source_2\\src\\app.ts": {"path":"C:\\Users\\jlaumain\\Documents\\Formation Visiplus\\3ieme_etude_de_cas\\visiplus_source_2\\src\\app.ts","statementMap":{"0":{"start":{"line":24,"column":8},"end":{"line":24,"column":null}},"1":{"start":{"line":27,"column":2},"end":{"line":27,"column":null}},"2":{"start":{"line":28,"column":2},"end":{"line":28,"column":null}},"3":{"start":{"line":29,"column":2},"end":{"line":29,"column":null}},"4":{"start":{"line":32,"column":2},"end":{"line":35,"column":null}},"5":{"start":{"line":33,"column":4},"end":{"line":33,"column":null}},"6":{"start":{"line":34,"column":4},"end":{"line":34,"column":null}},"7":{"start":{"line":38,"column":2},"end":{"line":40,"column":null}},"8":{"start":{"line":39,"column":4},"end":{"line":39,"column":null}},"9":{"start":{"line":43,"column":2},"end":{"line":43,"column":null}},"10":{"start":{"line":46,"column":2},"end":{"line":46,"column":null}},"11":{"start":{"line":48,"column":2},"end":{"line":48,"column":null}}},"fnMap":{"0":{"name":"createApp","decl":{"start":{"line":23,"column":16},"end":{"line":23,"column":37}},"loc":{"start":{"line":23,"column":37},"end":{"line":49,"column":null}},"line":23},"1":{"name":"(anonymous_1)","decl":{"start":{"line":32,"column":10},"end":{"line":32,"column":11}},"loc":{"start":{"line":32,"column":30},"end":{"line":35,"column":3}},"line":32},"2":{"name":"(anonymous_2)","decl":{"start":{"line":38,"column":21},"end":{"line":38,"column":22}},"loc":{"start":{"line":38,"column":35},"end":{"line":40,"column":3}},"line":38}},"branchMap":{},"s":{"0":4,"1":4,"2":4,"3":4,"4":4,"5":39,"6":39,"7":4,"8":1,"9":4,"10":4,"11":4},"f":{"0":4,"1":39,"2":1},"b":{},"meta":{"lastBranch":0,"lastFunction":3,"lastStatement":12,"seen":{"f:23:16:23:37":0,"s:24:8:24:Infinity":0,"s:27:2:27:Infinity":1,"s:28:2:28:Infinity":2,"s:29:2:29:Infinity":3,"s:32:2:35:Infinity":4,"f:32:10:32:11":1,"s:33:4:33:Infinity":5,"s:34:4:34:Infinity":6,"s:38:2:40:Infinity":7,"f:38:21:38:22":2,"s:39:4:39:Infinity":8,"s:43:2:43:Infinity":9,"s:46:2:46:Infinity":10,"s:48:2:48:Infinity":11}}}
,"C:\\Users\\jlaumain\\Documents\\Formation Visiplus\\3ieme_etude_de_cas\\visiplus_source_2\\src\\config\\env.ts": {"path":"C:\\Users\\jlaumain\\Documents\\Formation Visiplus\\3ieme_etude_de_cas\\visiplus_source_2\\src\\config\\env.ts","statementMap":{"0":{"start":{"line":4,"column":0},"end":{"line":4,"column":null}},"1":{"start":{"line":19,"column":0},"end":{"line":22,"column":null}},"2":{"start":{"line":24,"column":18},"end":{"line":35,"column":null}},"3":{"start":{"line":41,"column":0},"end":{"line":54,"column":null}},"4":{"start":{"line":42,"column":2},"end":{"line":42,"column":null}},"5":{"start":{"line":44,"column":2},"end":{"line":51,"column":null}},"6":{"start":{"line":45,"column":4},"end":{"line":45,"column":null}},"7":{"start":{"line":46,"column":4},"end":{"line":49,"column":null}},"8":{"start":{"line":47,"column":19},"end":{"line":47,"column":null}},"9":{"start":{"line":48,"column":6},"end":{"line":48,"column":null}},"10":{"start":{"line":50,"column":4},"end":{"line":50,"column":null}},"11":{"start":{"line":52,"column":2},"end":{"line":52,"column":null}},"12":{"start":{"line":53,"column":2},"end":{"line":53,"column":null}}},"fnMap":{"0":{"name":"(anonymous_0)","decl":{"start":{"line":46,"column":25},"end":{"line":46,"column":26}},"loc":{"start":{"line":46,"column":36},"end":{"line":49,"column":5}},"line":46}},"branchMap":{"0":{"loc":{"start":{"line":44,"column":2},"end":{"line":51,"column":null}},"type":"if","locations":[{"start":{"line":44,"column":2},"end":{"line":51,"column":null}},{"start":{},"end":{}}],"line":44},"1":{"loc":{"start":{"line":47,"column":19},"end":{"line":47,"column":null}},"type":"cond-expr","locations":[{"start":{"line":47,"column":43},"end":{"line":47,"column":66}},{"start":{"line":47,"column":66},"end":{"line":47,"column":null}}],"line":47}},"s":{"0":4,"1":4,"2":4,"3":4,"4":4,"5":0,"6":0,"7":0,"8":0,"9":0,"10":0,"11":0,"12":0},"f":{"0":0},"b":{"0":[0,0],"1":[0,0]},"meta":{"lastBranch":2,"lastFunction":1,"lastStatement":13,"seen":{"s:4:0:4:Infinity":0,"s:19:0:22:Infinity":1,"s:24:18:35:Infinity":2,"s:41:0:54:Infinity":3,"s:42:2:42:Infinity":4,"b:44:2:51:Infinity:undefined:undefined:undefined:undefined":0,"s:44:2:51:Infinity":5,"s:45:4:45:Infinity":6,"s:46:4:49:Infinity":7,"f:46:25:46:26":0,"s:47:19:47:Infinity":8,"b:47:43:47:66:47:66:47:Infinity":1,"s:48:6:48:Infinity":9,"s:50:4:50:Infinity":10,"s:52:2:52:Infinity":11,"s:53:2:53:Infinity":12}}}
,"C:\\Users\\jlaumain\\Documents\\Formation Visiplus\\3ieme_etude_de_cas\\visiplus_source_2\\src\\config\\logger.ts": {"path":"C:\\Users\\jlaumain\\Documents\\Formation Visiplus\\3ieme_etude_de_cas\\visiplus_source_2\\src\\config\\logger.ts","statementMap":{"0":{"start":{"line":19,"column":13},"end":{"line":32,"column":null}}},"fnMap":{},"branchMap":{"0":{"loc":{"start":{"line":20,"column":9},"end":{"line":20,"column":null}},"type":"cond-expr","locations":[{"start":{"line":20,"column":41},"end":{"line":20,"column":50}},{"start":{"line":20,"column":50},"end":{"line":20,"column":null}}],"line":20},"1":{"loc":{"start":{"line":22,"column":4},"end":{"line":31,"column":null}},"type":"cond-expr","locations":[{"start":{"line":23,"column":8},"end":{"line":30,"column":null}},{"start":{"line":31,"column":8},"end":{"line":31,"column":null}}],"line":22}},"s":{"0":4},"f":{},"b":{"0":[0,4],"1":[0,4]},"meta":{"lastBranch":2,"lastFunction":0,"lastStatement":1,"seen":{"s:19:13:32:Infinity":0,"b:20:41:20:50:20:50:20:Infinity":0,"b:23:8:30:Infinity:31:8:31:Infinity":1}}}
,"C:\\Users\\jlaumain\\Documents\\Formation Visiplus\\3ieme_etude_de_cas\\visiplus_source_2\\src\\controllers\\columns.controller.ts": {"path":"C:\\Users\\jlaumain\\Documents\\Formation Visiplus\\3ieme_etude_de_cas\\visiplus_source_2\\src\\controllers\\columns.controller.ts","statementMap":{"0":{"start":{"line":24,"column":2},"end":{"line":51,"column":null}},"1":{"start":{"line":25,"column":21},"end":{"line":25,"column":null}},"2":{"start":{"line":28,"column":24},"end":{"line":31,"column":null}},"3":{"start":{"line":33,"column":21},"end":{"line":33,"column":null}},"4":{"start":{"line":35,"column":19},"end":{"line":38,"column":null}},"5":{"start":{"line":40,"column":4},"end":{"line":40,"column":null}},"6":{"start":{"line":42,"column":4},"end":{"line":42,"column":null}},"7":{"start":{"line":44,"column":4},"end":{"line":47,"column":null}},"8":{"start":{"line":49,"column":4},"end":{"line":49,"column":null}},"9":{"start":{"line":50,"column":4},"end":{"line":50,"column":null}},"10":{"start":{"line":68,"column":2},"end":{"line":78,"column":null}},"11":{"start":{"line":69,"column":20},"end":{"line":69,"column":null}},"12":{"start":{"line":71,"column":4},"end":{"line":74,"column":null}},"13":{"start":{"line":76,"column":4},"end":{"line":76,"column":null}},"14":{"start":{"line":77,"column":4},"end":{"line":77,"column":null}},"15":{"start":{"line":93,"column":2},"end":{"line":110,"column":null}},"16":{"start":{"line":94,"column":19},"end":{"line":94,"column":null}},"17":{"start":{"line":96,"column":19},"end":{"line":96,"column":null}},"18":{"start":{"line":98,"column":4},"end":{"line":101,"column":null}},"19":{"start":{"line":99,"column":6},"end":{"line":99,"column":null}},"20":{"start":{"line":100,"column":6},"end":{"line":100,"column":null}},"21":{"start":{"line":103,"column":4},"end":{"line":106,"column":null}},"22":{"start":{"line":108,"column":4},"end":{"line":108,"column":null}},"23":{"start":{"line":109,"column":4},"end":{"line":109,"column":null}},"24":{"start":{"line":131,"column":2},"end":{"line":154,"column":null}},"25":{"start":{"line":132,"column":19},"end":{"line":132,"column":null}},"26":{"start":{"line":133,"column":23},"end":{"line":133,"column":null}},"27":{"start":{"line":135,"column":19},"end":{"line":138,"column":null}},"28":{"start":{"line":140,"column":4},"end":{"line":143,"column":null}},"29":{"start":{"line":141,"column":6},"end":{"line":141,"column":null}},"30":{"start":{"line":142,"column":6},"end":{"line":142,"column":null}},"31":{"start":{"line":145,"column":4},"end":{"line":145,"column":null}},"32":{"start":{"line":147,"column":4},"end":{"line":150,"column":null}},"33":{"start":{"line":152,"column":4},"end":{"line":152,"column":null}},"34":{"start":{"line":153,"column":4},"end":{"line":153,"column":null}},"35":{"start":{"line":169,"column":2},"end":{"line":187,"column":null}},"36":{"start":{"line":170,"column":19},"end":{"line":170,"column":null}},"37":{"start":{"line":172,"column":19},"end":{"line":172,"column":null}},"38":{"start":{"line":174,"column":4},"end":{"line":177,"column":null}},"39":{"start":{"line":175,"column":6},"end":{"line":175,"column":null}},"40":{"start":{"line":176,"column":6},"end":{"line":176,"column":null}},"41":{"start":{"line":179,"column":4},"end":{"line":179,"column":null}},"42":{"start":{"line":181,"column":4},"end":{"line":183,"column":null}},"43":{"start":{"line":185,"column":4},"end":{"line":185,"column":null}},"44":{"start":{"line":186,"column":4},"end":{"line":186,"column":null}}},"fnMap":{"0":{"name":"createColumn","decl":{"start":{"line":20,"column":22},"end":{"line":20,"column":null}},"loc":{"start":{"line":23,"column":17},"end":{"line":52,"column":null}},"line":23},"1":{"name":"getColumns","decl":{"start":{"line":64,"column":22},"end":{"line":64,"column":null}},"loc":{"start":{"line":67,"column":17},"end":{"line":79,"column":null}},"line":67},"2":{"name":"getColumn","decl":{"start":{"line":89,"column":22},"end":{"line":89,"column":null}},"loc":{"start":{"line":92,"column":17},"end":{"line":111,"column":null}},"line":92},"3":{"name":"updateColumn","decl":{"start":{"line":127,"column":22},"end":{"line":127,"column":null}},"loc":{"start":{"line":130,"column":17},"end":{"line":155,"column":null}},"line":130},"4":{"name":"deleteColumn","decl":{"start":{"line":165,"column":22},"end":{"line":165,"column":null}},"loc":{"start":{"line":168,"column":17},"end":{"line":188,"column":null}},"line":168}},"branchMap":{"0":{"loc":{"start":{"line":33,"column":21},"end":{"line":33,"column":null}},"type":"cond-expr","locations":[{"start":{"line":33,"column":35},"end":{"line":33,"column":62}},{"start":{"line":33,"column":62},"end":{"line":33,"column":null}}],"line":33},"1":{"loc":{"start":{"line":98,"column":4},"end":{"line":101,"column":null}},"type":"if","locations":[{"start":{"line":98,"column":4},"end":{"line":101,"column":null}},{"start":{},"end":{}}],"line":98},"2":{"loc":{"start":{"line":140,"column":4},"end":{"line":143,"column":null}},"type":"if","locations":[{"start":{"line":140,"column":4},"end":{"line":143,"column":null}},{"start":{},"end":{}}],"line":140},"3":{"loc":{"start":{"line":174,"column":4},"end":{"line":177,"column":null}},"type":"if","locations":[{"start":{"line":174,"column":4},"end":{"line":177,"column":null}},{"start":{},"end":{}}],"line":174}},"s":{"0":1,"1":1,"2":1,"3":1,"4":1,"5":1,"6":1,"7":1,"8":0,"9":0,"10":2,"11":2,"12":2,"13":0,"14":0,"15":0,"16":0,"17":0,"18":0,"19":0,"20":0,"21":0,"22":0,"23":0,"24":0,"25":0,"26":0,"27":0,"28":0,"29":0,"30":0,"31":0,"32":0,"33":0,"34":0,"35":0,"36":0,"37":0,"38":0,"39":0,"40":0,"41":0,"42":0,"43":0,"44":0},"f":{"0":1,"1":2,"2":0,"3":0,"4":0},"b":{"0":[0,1],"1":[0,0],"2":[0,0],"3":[0,0]},"meta":{"lastBranch":4,"lastFunction":5,"lastStatement":45,"seen":{"f:20:22:20:Infinity":0,"s:24:2:51:Infinity":0,"s:25:21:25:Infinity":1,"s:28:24:31:Infinity":2,"s:33:21:33:Infinity":3,"b:33:35:33:62:33:62:33:Infinity":0,"s:35:19:38:Infinity":4,"s:40:4:40:Infinity":5,"s:42:4:42:Infinity":6,"s:44:4:47:Infinity":7,"s:49:4:49:Infinity":8,"s:50:4:50:Infinity":9,"f:64:22:64:Infinity":1,"s:68:2:78:Infinity":10,"s:69:20:69:Infinity":11,"s:71:4:74:Infinity":12,"s:76:4:76:Infinity":13,"s:77:4:77:Infinity":14,"f:89:22:89:Infinity":2,"s:93:2:110:Infinity":15,"s:94:19:94:Infinity":16,"s:96:19:96:Infinity":17,"b:98:4:101:Infinity:undefined:undefined:undefined:undefined":1,"s:98:4:101:Infinity":18,"s:99:6:99:Infinity":19,"s:100:6:100:Infinity":20,"s:103:4:106:Infinity":21,"s:108:4:108:Infinity":22,"s:109:4:109:Infinity":23,"f:127:22:127:Infinity":3,"s:131:2:154:Infinity":24,"s:132:19:132:Infinity":25,"s:133:23:133:Infinity":26,"s:135:19:138:Infinity":27,"b:140:4:143:Infinity:undefined:undefined:undefined:undefined":2,"s:140:4:143:Infinity":28,"s:141:6:141:Infinity":29,"s:142:6:142:Infinity":30,"s:145:4:145:Infinity":31,"s:147:4:150:Infinity":32,"s:152:4:152:Infinity":33,"s:153:4:153:Infinity":34,"f:165:22:165:Infinity":4,"s:169:2:187:Infinity":35,"s:170:19:170:Infinity":36,"s:172:19:172:Infinity":37,"b:174:4:177:Infinity:undefined:undefined:undefined:undefined":3,"s:174:4:177:Infinity":38,"s:175:6:175:Infinity":39,"s:176:6:176:Infinity":40,"s:179:4:179:Infinity":41,"s:181:4:183:Infinity":42,"s:185:4:185:Infinity":43,"s:186:4:186:Infinity":44}}}
,"C:\\Users\\jlaumain\\Documents\\Formation Visiplus\\3ieme_etude_de_cas\\visiplus_source_2\\src\\controllers\\ofs.controller.ts": {"path":"C:\\Users\\jlaumain\\Documents\\Formation Visiplus\\3ieme_etude_de_cas\\visiplus_source_2\\src\\controllers\\ofs.controller.ts","statementMap":{"0":{"start":{"line":23,"column":2},"end":{"line":52,"column":null}},"1":{"start":{"line":24,"column":45},"end":{"line":24,"column":null}},"2":{"start":{"line":27,"column":24},"end":{"line":30,"column":null}},"3":{"start":{"line":32,"column":21},"end":{"line":32,"column":null}},"4":{"start":{"line":34,"column":15},"end":{"line":39,"column":null}},"5":{"start":{"line":41,"column":4},"end":{"line":41,"column":null}},"6":{"start":{"line":43,"column":4},"end":{"line":43,"column":null}},"7":{"start":{"line":45,"column":4},"end":{"line":48,"column":null}},"8":{"start":{"line":50,"column":4},"end":{"line":50,"column":null}},"9":{"start":{"line":51,"column":4},"end":{"line":51,"column":null}},"10":{"start":{"line":67,"column":2},"end":{"line":81,"column":null}},"11":{"start":{"line":68,"column":25},"end":{"line":68,"column":null}},"12":{"start":{"line":70,"column":19},"end":{"line":70,"column":null}},"13":{"start":{"line":72,"column":16},"end":{"line":72,"column":null}},"14":{"start":{"line":74,"column":4},"end":{"line":77,"column":null}},"15":{"start":{"line":79,"column":4},"end":{"line":79,"column":null}},"16":{"start":{"line":80,"column":4},"end":{"line":80,"column":null}},"17":{"start":{"line":93,"column":2},"end":{"line":110,"column":null}},"18":{"start":{"line":94,"column":19},"end":{"line":94,"column":null}},"19":{"start":{"line":96,"column":15},"end":{"line":96,"column":null}},"20":{"start":{"line":98,"column":4},"end":{"line":101,"column":null}},"21":{"start":{"line":99,"column":6},"end":{"line":99,"column":null}},"22":{"start":{"line":100,"column":6},"end":{"line":100,"column":null}},"23":{"start":{"line":103,"column":4},"end":{"line":106,"column":null}},"24":{"start":{"line":108,"column":4},"end":{"line":108,"column":null}},"25":{"start":{"line":109,"column":4},"end":{"line":109,"column":null}},"26":{"start":{"line":128,"column":2},"end":{"line":151,"column":null}},"27":{"start":{"line":129,"column":19},"end":{"line":129,"column":null}},"28":{"start":{"line":130,"column":23},"end":{"line":130,"column":null}},"29":{"start":{"line":132,"column":15},"end":{"line":135,"column":null}},"30":{"start":{"line":137,"column":4},"end":{"line":140,"column":null}},"31":{"start":{"line":138,"column":6},"end":{"line":138,"column":null}},"32":{"start":{"line":139,"column":6},"end":{"line":139,"column":null}},"33":{"start":{"line":142,"column":4},"end":{"line":142,"column":null}},"34":{"start":{"line":144,"column":4},"end":{"line":147,"column":null}},"35":{"start":{"line":149,"column":4},"end":{"line":149,"column":null}},"36":{"start":{"line":150,"column":4},"end":{"line":150,"column":null}},"37":{"start":{"line":163,"column":2},"end":{"line":181,"column":null}},"38":{"start":{"line":164,"column":19},"end":{"line":164,"column":null}},"39":{"start":{"line":166,"column":15},"end":{"line":166,"column":null}},"40":{"start":{"line":168,"column":4},"end":{"line":171,"column":null}},"41":{"start":{"line":169,"column":6},"end":{"line":169,"column":null}},"42":{"start":{"line":170,"column":6},"end":{"line":170,"column":null}},"43":{"start":{"line":173,"column":4},"end":{"line":173,"column":null}},"44":{"start":{"line":175,"column":4},"end":{"line":177,"column":null}},"45":{"start":{"line":179,"column":4},"end":{"line":179,"column":null}},"46":{"start":{"line":180,"column":4},"end":{"line":180,"column":null}},"47":{"start":{"line":200,"column":2},"end":{"line":254,"column":null}},"48":{"start":{"line":201,"column":19},"end":{"line":201,"column":null}},"49":{"start":{"line":202,"column":35},"end":{"line":202,"column":null}},"50":{"start":{"line":204,"column":15},"end":{"line":204,"column":null}},"51":{"start":{"line":206,"column":4},"end":{"line":209,"column":null}},"52":{"start":{"line":207,"column":6},"end":{"line":207,"column":null}},"53":{"start":{"line":208,"column":6},"end":{"line":208,"column":null}},"54":{"start":{"line":212,"column":4},"end":{"line":214,"column":null}},"55":{"start":{"line":213,"column":6},"end":{"line":213,"column":null}},"56":{"start":{"line":217,"column":4},"end":{"line":241,"column":null}},"57":{"start":{"line":218,"column":26},"end":{"line":218,"column":null}},"58":{"start":{"line":219,"column":26},"end":{"line":219,"column":null}},"59":{"start":{"line":222,"column":6},"end":{"line":238,"column":null}},"60":{"start":{"line":223,"column":8},"end":{"line":229,"column":null}},"61":{"start":{"line":230,"column":6},"end":{"line":238,"column":null}},"62":{"start":{"line":231,"column":8},"end":{"line":237,"column":null}},"63":{"start":{"line":240,"column":6},"end":{"line":240,"column":null}},"64":{"start":{"line":243,"column":4},"end":{"line":243,"column":null}},"65":{"start":{"line":245,"column":4},"end":{"line":245,"column":null}},"66":{"start":{"line":247,"column":4},"end":{"line":250,"column":null}},"67":{"start":{"line":252,"column":4},"end":{"line":252,"column":null}},"68":{"start":{"line":253,"column":4},"end":{"line":253,"column":null}}},"fnMap":{"0":{"name":"createOF","decl":{"start":{"line":22,"column":22},"end":{"line":22,"column":31}},"loc":{"start":{"line":22,"column":79},"end":{"line":53,"column":null}},"line":22},"1":{"name":"getOFs","decl":{"start":{"line":66,"column":22},"end":{"line":66,"column":29}},"loc":{"start":{"line":66,"column":77},"end":{"line":82,"column":null}},"line":66},"2":{"name":"getOF","decl":{"start":{"line":92,"column":22},"end":{"line":92,"column":28}},"loc":{"start":{"line":92,"column":76},"end":{"line":111,"column":null}},"line":92},"3":{"name":"updateOF","decl":{"start":{"line":127,"column":22},"end":{"line":127,"column":31}},"loc":{"start":{"line":127,"column":79},"end":{"line":152,"column":null}},"line":127},"4":{"name":"deleteOF","decl":{"start":{"line":162,"column":22},"end":{"line":162,"column":31}},"loc":{"start":{"line":162,"column":79},"end":{"line":182,"column":null}},"line":162},"5":{"name":"moveOF","decl":{"start":{"line":199,"column":22},"end":{"line":199,"column":29}},"loc":{"start":{"line":199,"column":77},"end":{"line":255,"column":null}},"line":199}},"branchMap":{"0":{"loc":{"start":{"line":32,"column":21},"end":{"line":32,"column":null}},"type":"cond-expr","locations":[{"start":{"line":32,"column":35},"end":{"line":32,"column":62}},{"start":{"line":32,"column":62},"end":{"line":32,"column":null}}],"line":32},"1":{"loc":{"start":{"line":70,"column":19},"end":{"line":70,"column":null}},"type":"cond-expr","locations":[{"start":{"line":70,"column":30},"end":{"line":70,"column":45}},{"start":{"line":70,"column":45},"end":{"line":70,"column":null}}],"line":70},"2":{"loc":{"start":{"line":98,"column":4},"end":{"line":101,"column":null}},"type":"if","locations":[{"start":{"line":98,"column":4},"end":{"line":101,"column":null}},{"start":{},"end":{}}],"line":98},"3":{"loc":{"start":{"line":137,"column":4},"end":{"line":140,"column":null}},"type":"if","locations":[{"start":{"line":137,"column":4},"end":{"line":140,"column":null}},{"start":{},"end":{}}],"line":137},"4":{"loc":{"start":{"line":168,"column":4},"end":{"line":171,"column":null}},"type":"if","locations":[{"start":{"line":168,"column":4},"end":{"line":171,"column":null}},{"start":{},"end":{}}],"line":168},"5":{"loc":{"start":{"line":206,"column":4},"end":{"line":209,"column":null}},"type":"if","locations":[{"start":{"line":206,"column":4},"end":{"line":209,"column":null}},{"start":{},"end":{}}],"line":206},"6":{"loc":{"start":{"line":212,"column":4},"end":{"line":214,"column":null}},"type":"if","locations":[{"start":{"line":212,"column":4},"end":{"line":214,"column":null}},{"start":{},"end":{}}],"line":212},"7":{"loc":{"start":{"line":212,"column":8},"end":{"line":212,"column":57}},"type":"binary-expr","locations":[{"start":{"line":212,"column":8},"end":{"line":212,"column":20}},{"start":{"line":212,"column":20},"end":{"line":212,"column":57}}],"line":212},"8":{"loc":{"start":{"line":217,"column":4},"end":{"line":241,"column":null}},"type":"if","locations":[{"start":{"line":217,"column":4},"end":{"line":241,"column":null}},{"start":{},"end":{}}],"line":217},"9":{"loc":{"start":{"line":222,"column":6},"end":{"line":238,"column":null}},"type":"if","locations":[{"start":{"line":222,"column":6},"end":{"line":238,"column":null}},{"start":{"line":230,"column":6},"end":{"line":238,"column":null}}],"line":222},"10":{"loc":{"start":{"line":230,"column":6},"end":{"line":238,"column":null}},"type":"if","locations":[{"start":{"line":230,"column":6},"end":{"line":238,"column":null}},{"start":{},"end":{}}],"line":230}},"s":{"0":2,"1":2,"2":2,"3":2,"4":2,"5":2,"6":2,"7":2,"8":0,"9":0,"10":3,"11":3,"12":3,"13":3,"14":3,"15":0,"16":0,"17":2,"18":2,"19":2,"20":2,"21":1,"22":1,"23":1,"24":0,"25":0,"26":2,"27":2,"28":2,"29":2,"30":2,"31":1,"32":1,"33":1,"34":1,"35":0,"36":0,"37":2,"38":2,"39":2,"40":2,"41":1,"42":1,"43":1,"44":1,"45":0,"46":0,"47":4,"48":4,"49":4,"50":4,"51":4,"52":1,"53":1,"54":3,"55":2,"56":3,"57":2,"58":2,"59":2,"60":0,"61":2,"62":2,"63":2,"64":3,"65":3,"66":3,"67":0,"68":0},"f":{"0":2,"1":3,"2":2,"3":2,"4":2,"5":4},"b":{"0":[0,2],"1":[1,2],"2":[1,1],"3":[1,1],"4":[1,1],"5":[1,3],"6":[2,1],"7":[3,2],"8":[2,1],"9":[0,2],"10":[2,0]},"meta":{"lastBranch":11,"lastFunction":6,"lastStatement":69,"seen":{"f:22:22:22:31":0,"s:23:2:52:Infinity":0,"s:24:45:24:Infinity":1,"s:27:24:30:Infinity":2,"s:32:21:32:Infinity":3,"b:32:35:32:62:32:62:32:Infinity":0,"s:34:15:39:Infinity":4,"s:41:4:41:Infinity":5,"s:43:4:43:Infinity":6,"s:45:4:48:Infinity":7,"s:50:4:50:Infinity":8,"s:51:4:51:Infinity":9,"f:66:22:66:29":1,"s:67:2:81:Infinity":10,"s:68:25:68:Infinity":11,"s:70:19:70:Infinity":12,"b:70:30:70:45:70:45:70:Infinity":1,"s:72:16:72:Infinity":13,"s:74:4:77:Infinity":14,"s:79:4:79:Infinity":15,"s:80:4:80:Infinity":16,"f:92:22:92:28":2,"s:93:2:110:Infinity":17,"s:94:19:94:Infinity":18,"s:96:15:96:Infinity":19,"b:98:4:101:Infinity:undefined:undefined:undefined:undefined":2,"s:98:4:101:Infinity":20,"s:99:6:99:Infinity":21,"s:100:6:100:Infinity":22,"s:103:4:106:Infinity":23,"s:108:4:108:Infinity":24,"s:109:4:109:Infinity":25,"f:127:22:127:31":3,"s:128:2:151:Infinity":26,"s:129:19:129:Infinity":27,"s:130:23:130:Infinity":28,"s:132:15:135:Infinity":29,"b:137:4:140:Infinity:undefined:undefined:undefined:undefined":3,"s:137:4:140:Infinity":30,"s:138:6:138:Infinity":31,"s:139:6:139:Infinity":32,"s:142:4:142:Infinity":33,"s:144:4:147:Infinity":34,"s:149:4:149:Infinity":35,"s:150:4:150:Infinity":36,"f:162:22:162:31":4,"s:163:2:181:Infinity":37,"s:164:19:164:Infinity":38,"s:166:15:166:Infinity":39,"b:168:4:171:Infinity:undefined:undefined:undefined:undefined":4,"s:168:4:171:Infinity":40,"s:169:6:169:Infinity":41,"s:170:6:170:Infinity":42,"s:173:4:173:Infinity":43,"s:175:4:177:Infinity":44,"s:179:4:179:Infinity":45,"s:180:4:180:Infinity":46,"f:199:22:199:29":5,"s:200:2:254:Infinity":47,"s:201:19:201:Infinity":48,"s:202:35:202:Infinity":49,"s:204:15:204:Infinity":50,"b:206:4:209:Infinity:undefined:undefined:undefined:undefined":5,"s:206:4:209:Infinity":51,"s:207:6:207:Infinity":52,"s:208:6:208:Infinity":53,"b:212:4:214:Infinity:undefined:undefined:undefined:undefined":6,"s:212:4:214:Infinity":54,"b:212:8:212:20:212:20:212:57":7,"s:213:6:213:Infinity":55,"b:217:4:241:Infinity:undefined:undefined:undefined:undefined":8,"s:217:4:241:Infinity":56,"s:218:26:218:Infinity":57,"s:219:26:219:Infinity":58,"b:222:6:238:Infinity:230:6:238:Infinity":9,"s:222:6:238:Infinity":59,"s:223:8:229:Infinity":60,"b:230:6:238:Infinity:undefined:undefined:undefined:undefined":10,"s:230:6:238:Infinity":61,"s:231:8:237:Infinity":62,"s:240:6:240:Infinity":63,"s:243:4:243:Infinity":64,"s:245:4:245:Infinity":65,"s:247:4:250:Infinity":66,"s:252:4:252:Infinity":67,"s:253:4:253:Infinity":68}}}
,"C:\\Users\\jlaumain\\Documents\\Formation Visiplus\\3ieme_etude_de_cas\\visiplus_source_2\\src\\middlewares\\auth.middleware.ts": {"path":"C:\\Users\\jlaumain\\Documents\\Formation Visiplus\\3ieme_etude_de_cas\\visiplus_source_2\\src\\middlewares\\auth.middleware.ts","statementMap":{"0":{"start":{"line":39,"column":2},"end":{"line":68,"column":null}},"1":{"start":{"line":40,"column":23},"end":{"line":40,"column":null}},"2":{"start":{"line":42,"column":4},"end":{"line":45,"column":null}},"3":{"start":{"line":43,"column":6},"end":{"line":43,"column":null}},"4":{"start":{"line":44,"column":6},"end":{"line":44,"column":null}},"5":{"start":{"line":47,"column":18},"end":{"line":47,"column":null}},"6":{"start":{"line":49,"column":4},"end":{"line":64,"column":null}},"7":{"start":{"line":50,"column":22},"end":{"line":50,"column":null}},"8":{"start":{"line":55,"column":6},"end":{"line":58,"column":null}},"9":{"start":{"line":60,"column":6},"end":{"line":60,"column":null}},"10":{"start":{"line":62,"column":6},"end":{"line":62,"column":null}},"11":{"start":{"line":63,"column":6},"end":{"line":63,"column":null}},"12":{"start":{"line":66,"column":4},"end":{"line":66,"column":null}},"13":{"start":{"line":67,"column":4},"end":{"line":67,"column":null}}},"fnMap":{"0":{"name":"authenticate","decl":{"start":{"line":34,"column":16},"end":{"line":34,"column":null}},"loc":{"start":{"line":38,"column":8},"end":{"line":69,"column":null}},"line":38}},"branchMap":{"0":{"loc":{"start":{"line":42,"column":4},"end":{"line":45,"column":null}},"type":"if","locations":[{"start":{"line":42,"column":4},"end":{"line":45,"column":null}},{"start":{},"end":{}}],"line":42},"1":{"loc":{"start":{"line":42,"column":8},"end":{"line":42,"column":58}},"type":"binary-expr","locations":[{"start":{"line":42,"column":8},"end":{"line":42,"column":23}},{"start":{"line":42,"column":23},"end":{"line":42,"column":58}}],"line":42}},"s":{"0":27,"1":27,"2":27,"3":6,"4":6,"5":21,"6":21,"7":21,"8":21,"9":21,"10":0,"11":0,"12":0,"13":0},"f":{"0":27},"b":{"0":[6,21],"1":[27,21]},"meta":{"lastBranch":2,"lastFunction":1,"lastStatement":14,"seen":{"f:34:16:34:Infinity":0,"s:39:2:68:Infinity":0,"s:40:23:40:Infinity":1,"b:42:4:45:Infinity:undefined:undefined:undefined:undefined":0,"s:42:4:45:Infinity":2,"b:42:8:42:23:42:23:42:58":1,"s:43:6:43:Infinity":3,"s:44:6:44:Infinity":4,"s:47:18:47:Infinity":5,"s:49:4:64:Infinity":6,"s:50:22:50:Infinity":7,"s:55:6:58:Infinity":8,"s:60:6:60:Infinity":9,"s:62:6:62:Infinity":10,"s:63:6:63:Infinity":11,"s:66:4:66:Infinity":12,"s:67:4:67:Infinity":13}}}
,"C:\\Users\\jlaumain\\Documents\\Formation Visiplus\\3ieme_etude_de_cas\\visiplus_source_2\\src\\middlewares\\error.middleware.ts": {"path":"C:\\Users\\jlaumain\\Documents\\Formation Visiplus\\3ieme_etude_de_cas\\visiplus_source_2\\src\\middlewares\\error.middleware.ts","statementMap":{"0":{"start":{"line":31,"column":2},"end":{"line":31,"column":null}},"1":{"start":{"line":34,"column":2},"end":{"line":43,"column":null}},"2":{"start":{"line":35,"column":4},"end":{"line":41,"column":null}},"3":{"start":{"line":37,"column":42},"end":{"line":40,"column":8}},"4":{"start":{"line":42,"column":4},"end":{"line":42,"column":null}},"5":{"start":{"line":46,"column":2},"end":{"line":52,"column":null}},"6":{"start":{"line":47,"column":4},"end":{"line":50,"column":null}},"7":{"start":{"line":51,"column":4},"end":{"line":51,"column":null}},"8":{"start":{"line":55,"column":2},"end":{"line":61,"column":null}},"9":{"start":{"line":56,"column":4},"end":{"line":59,"column":null}},"10":{"start":{"line":60,"column":4},"end":{"line":60,"column":null}},"11":{"start":{"line":64,"column":2},"end":{"line":70,"column":null}},"12":{"start":{"line":65,"column":4},"end":{"line":68,"column":null}},"13":{"start":{"line":69,"column":4},"end":{"line":69,"column":null}},"14":{"start":{"line":73,"column":22},"end":{"line":73,"column":null}},"15":{"start":{"line":75,"column":4},"end":{"line":77,"column":null}},"16":{"start":{"line":79,"column":2},"end":{"line":82,"column":null}}},"fnMap":{"0":{"name":"errorHandler","decl":{"start":{"line":25,"column":16},"end":{"line":25,"column":null}},"loc":{"start":{"line":30,"column":8},"end":{"line":83,"column":null}},"line":30},"1":{"name":"(anonymous_1)","decl":{"start":{"line":37,"column":30},"end":{"line":37,"column":31}},"loc":{"start":{"line":37,"column":42},"end":{"line":40,"column":8}},"line":37}},"branchMap":{"0":{"loc":{"start":{"line":34,"column":2},"end":{"line":43,"column":null}},"type":"if","locations":[{"start":{"line":34,"column":2},"end":{"line":43,"column":null}},{"start":{},"end":{}}],"line":34},"1":{"loc":{"start":{"line":46,"column":2},"end":{"line":52,"column":null}},"type":"if","locations":[{"start":{"line":46,"column":2},"end":{"line":52,"column":null}},{"start":{},"end":{}}],"line":46},"2":{"loc":{"start":{"line":55,"column":2},"end":{"line":61,"column":null}},"type":"if","locations":[{"start":{"line":55,"column":2},"end":{"line":61,"column":null}},{"start":{},"end":{}}],"line":55},"3":{"loc":{"start":{"line":55,"column":6},"end":{"line":55,"column":70}},"type":"binary-expr","locations":[{"start":{"line":55,"column":6},"end":{"line":55,"column":42}},{"start":{"line":55,"column":42},"end":{"line":55,"column":70}}],"line":55},"4":{"loc":{"start":{"line":64,"column":2},"end":{"line":70,"column":null}},"type":"if","locations":[{"start":{"line":64,"column":2},"end":{"line":70,"column":null}},{"start":{},"end":{}}],"line":64},"5":{"loc":{"start":{"line":64,"column":6},"end":{"line":64,"column":76}},"type":"binary-expr","locations":[{"start":{"line":64,"column":6},"end":{"line":64,"column":42}},{"start":{"line":64,"column":42},"end":{"line":64,"column":76}}],"line":64},"6":{"loc":{"start":{"line":73,"column":22},"end":{"line":73,"column":null}},"type":"binary-expr","locations":[{"start":{"line":73,"column":22},"end":{"line":73,"column":48}},{"start":{"line":73,"column":48},"end":{"line":73,"column":null}}],"line":73},"7":{"loc":{"start":{"line":75,"column":4},"end":{"line":77,"column":null}},"type":"cond-expr","locations":[{"start":{"line":76,"column":8},"end":{"line":76,"column":null}},{"start":{"line":77,"column":8},"end":{"line":77,"column":null}}],"line":75}},"s":{"0":0,"1":0,"2":0,"3":0,"4":0,"5":0,"6":0,"7":0,"8":0,"9":0,"10":0,"11":0,"12":0,"13":0,"14":0,"15":0,"16":0},"f":{"0":0,"1":0},"b":{"0":[0,0],"1":[0,0],"2":[0,0],"3":[0,0],"4":[0,0],"5":[0,0],"6":[0,0],"7":[0,0]},"meta":{"lastBranch":8,"lastFunction":2,"lastStatement":17,"seen":{"f:25:16:25:Infinity":0,"s:31:2:31:Infinity":0,"b:34:2:43:Infinity:undefined:undefined:undefined:undefined":0,"s:34:2:43:Infinity":1,"s:35:4:41:Infinity":2,"f:37:30:37:31":1,"s:37:42:40:8":3,"s:42:4:42:Infinity":4,"b:46:2:52:Infinity:undefined:undefined:undefined:undefined":1,"s:46:2:52:Infinity":5,"s:47:4:50:Infinity":6,"s:51:4:51:Infinity":7,"b:55:2:61:Infinity:undefined:undefined:undefined:undefined":2,"s:55:2:61:Infinity":8,"b:55:6:55:42:55:42:55:70":3,"s:56:4:59:Infinity":9,"s:60:4:60:Infinity":10,"b:64:2:70:Infinity:undefined:undefined:undefined:undefined":4,"s:64:2:70:Infinity":11,"b:64:6:64:42:64:42:64:76":5,"s:65:4:68:Infinity":12,"s:69:4:69:Infinity":13,"s:73:22:73:Infinity":14,"b:73:22:73:48:73:48:73:Infinity":6,"s:75:4:77:Infinity":15,"b:76:8:76:Infinity:77:8:77:Infinity":7,"s:79:2:82:Infinity":16}}}
,"C:\\Users\\jlaumain\\Documents\\Formation Visiplus\\3ieme_etude_de_cas\\visiplus_source_2\\src\\middlewares\\validate.middleware.ts": {"path":"C:\\Users\\jlaumain\\Documents\\Formation Visiplus\\3ieme_etude_de_cas\\visiplus_source_2\\src\\middlewares\\validate.middleware.ts","statementMap":{"0":{"start":{"line":31,"column":2},"end":{"line":49,"column":null}},"1":{"start":{"line":32,"column":4},"end":{"line":48,"column":null}},"2":{"start":{"line":33,"column":19},"end":{"line":33,"column":null}},"3":{"start":{"line":34,"column":6},"end":{"line":34,"column":null}},"4":{"start":{"line":35,"column":6},"end":{"line":35,"column":null}},"5":{"start":{"line":37,"column":6},"end":{"line":47,"column":null}},"6":{"start":{"line":38,"column":8},"end":{"line":44,"column":null}},"7":{"start":{"line":40,"column":48},"end":{"line":43,"column":12}},"8":{"start":{"line":46,"column":8},"end":{"line":46,"column":null}}},"fnMap":{"0":{"name":"validate","decl":{"start":{"line":27,"column":16},"end":{"line":27,"column":null}},"loc":{"start":{"line":30,"column":2},"end":{"line":50,"column":null}},"line":30},"1":{"name":"(anonymous_1)","decl":{"start":{"line":31,"column":9},"end":{"line":31,"column":10}},"loc":{"start":{"line":31,"column":68},"end":{"line":49,"column":null}},"line":31},"2":{"name":"(anonymous_2)","decl":{"start":{"line":40,"column":36},"end":{"line":40,"column":37}},"loc":{"start":{"line":40,"column":48},"end":{"line":43,"column":12}},"line":40}},"branchMap":{"0":{"loc":{"start":{"line":29,"column":2},"end":{"line":29,"column":null}},"type":"default-arg","locations":[{"start":{"line":29,"column":40},"end":{"line":29,"column":null}}],"line":29},"1":{"loc":{"start":{"line":37,"column":6},"end":{"line":47,"column":null}},"type":"if","locations":[{"start":{"line":37,"column":6},"end":{"line":47,"column":null}},{"start":{"line":45,"column":13},"end":{"line":47,"column":null}}],"line":37},"2":{"loc":{"start":{"line":41,"column":18},"end":{"line":41,"column":null}},"type":"cond-expr","locations":[{"start":{"line":41,"column":42},"end":{"line":41,"column":65}},{"start":{"line":41,"column":65},"end":{"line":41,"column":null}}],"line":41}},"s":{"0":28,"1":23,"2":23,"3":23,"4":23,"5":9,"6":9,"7":9,"8":0},"f":{"0":28,"1":23,"2":9},"b":{"0":[28],"1":[9,0],"2":[9,0]},"meta":{"lastBranch":3,"lastFunction":3,"lastStatement":9,"seen":{"f:27:16:27:Infinity":0,"b:29:40:29:Infinity":0,"s:31:2:49:Infinity":0,"f:31:9:31:10":1,"s:32:4:48:Infinity":1,"s:33:19:33:Infinity":2,"s:34:6:34:Infinity":3,"s:35:6:35:Infinity":4,"b:37:6:47:Infinity:45:13:47:Infinity":1,"s:37:6:47:Infinity":5,"s:38:8:44:Infinity":6,"f:40:36:40:37":2,"s:40:48:43:12":7,"b:41:42:41:65:41:65:41:Infinity":2,"s:46:8:46:Infinity":8}}}
,"C:\\Users\\jlaumain\\Documents\\Formation Visiplus\\3ieme_etude_de_cas\\visiplus_source_2\\src\\models\\Column.ts": {"path":"C:\\Users\\jlaumain\\Documents\\Formation Visiplus\\3ieme_etude_de_cas\\visiplus_source_2\\src\\models\\Column.ts","statementMap":{"0":{"start":{"line":19,"column":21},"end":{"line":36,"column":null}},"1":{"start":{"line":38,"column":13},"end":{"line":38,"column":null}}},"fnMap":{},"branchMap":{},"s":{"0":4,"1":4},"f":{},"b":{},"meta":{"lastBranch":0,"lastFunction":0,"lastStatement":2,"seen":{"s:19:21:36:Infinity":0,"s:38:13:38:Infinity":1}}}
,"C:\\Users\\jlaumain\\Documents\\Formation Visiplus\\3ieme_etude_de_cas\\visiplus_source_2\\src\\models\\OF.ts": {"path":"C:\\Users\\jlaumain\\Documents\\Formation Visiplus\\3ieme_etude_de_cas\\visiplus_source_2\\src\\models\\OF.ts","statementMap":{"0":{"start":{"line":21,"column":17},"end":{"line":46,"column":null}},"1":{"start":{"line":48,"column":13},"end":{"line":48,"column":null}}},"fnMap":{},"branchMap":{},"s":{"0":4,"1":4},"f":{},"b":{},"meta":{"lastBranch":0,"lastFunction":0,"lastStatement":2,"seen":{"s:21:17:46:Infinity":0,"s:48:13:48:Infinity":1}}}
,"C:\\Users\\jlaumain\\Documents\\Formation Visiplus\\3ieme_etude_de_cas\\visiplus_source_2\\src\\models\\User.ts": {"path":"C:\\Users\\jlaumain\\Documents\\Formation Visiplus\\3ieme_etude_de_cas\\visiplus_source_2\\src\\models\\User.ts","statementMap":{"0":{"start":{"line":20,"column":19},"end":{"line":40,"column":null}},"1":{"start":{"line":42,"column":13},"end":{"line":42,"column":null}}},"fnMap":{},"branchMap":{},"s":{"0":4,"1":4},"f":{},"b":{},"meta":{"lastBranch":0,"lastFunction":0,"lastStatement":2,"seen":{"s:20:19:40:Infinity":0,"s:42:13:42:Infinity":1}}}
,"C:\\Users\\jlaumain\\Documents\\Formation Visiplus\\3ieme_etude_de_cas\\visiplus_source_2\\src\\routes\\auth.routes.ts": {"path":"C:\\Users\\jlaumain\\Documents\\Formation Visiplus\\3ieme_etude_de_cas\\visiplus_source_2\\src\\routes\\auth.routes.ts","statementMap":{"0":{"start":{"line":11,"column":6},"end":{"line":11,"column":null}},"1":{"start":{"line":12,"column":18},"end":{"line":12,"column":null}},"2":{"start":{"line":13,"column":32},"end":{"line":15,"column":null}},"3":{"start":{"line":20,"column":23},"end":{"line":23,"column":null}},"4":{"start":{"line":28,"column":20},"end":{"line":31,"column":null}},"5":{"start":{"line":48,"column":0},"end":{"line":94,"column":null}},"6":{"start":{"line":52,"column":4},"end":{"line":92,"column":null}},"7":{"start":{"line":53,"column":34},"end":{"line":53,"column":null}},"8":{"start":{"line":56,"column":27},"end":{"line":56,"column":null}},"9":{"start":{"line":57,"column":6},"end":{"line":60,"column":null}},"10":{"start":{"line":58,"column":8},"end":{"line":58,"column":null}},"11":{"start":{"line":59,"column":8},"end":{"line":59,"column":null}},"12":{"start":{"line":63,"column":29},"end":{"line":63,"column":null}},"13":{"start":{"line":66,"column":19},"end":{"line":69,"column":null}},"14":{"start":{"line":71,"column":6},"end":{"line":71,"column":null}},"15":{"start":{"line":74,"column":21},"end":{"line":74,"column":null}},"16":{"start":{"line":75,"column":20},"end":{"line":75,"column":null}},"17":{"start":{"line":77,"column":6},"end":{"line":77,"column":null}},"18":{"start":{"line":79,"column":6},"end":{"line":88,"column":null}},"19":{"start":{"line":90,"column":6},"end":{"line":90,"column":null}},"20":{"start":{"line":91,"column":6},"end":{"line":91,"column":null}},"21":{"start":{"line":111,"column":0},"end":{"line":153,"column":null}},"22":{"start":{"line":115,"column":4},"end":{"line":151,"column":null}},"23":{"start":{"line":116,"column":34},"end":{"line":116,"column":null}},"24":{"start":{"line":119,"column":19},"end":{"line":119,"column":null}},"25":{"start":{"line":120,"column":6},"end":{"line":123,"column":null}},"26":{"start":{"line":121,"column":8},"end":{"line":121,"column":null}},"27":{"start":{"line":122,"column":8},"end":{"line":122,"column":null}},"28":{"start":{"line":126,"column":30},"end":{"line":126,"column":null}},"29":{"start":{"line":127,"column":6},"end":{"line":130,"column":null}},"30":{"start":{"line":128,"column":8},"end":{"line":128,"column":null}},"31":{"start":{"line":129,"column":8},"end":{"line":129,"column":null}},"32":{"start":{"line":133,"column":21},"end":{"line":133,"column":null}},"33":{"start":{"line":134,"column":20},"end":{"line":134,"column":null}},"34":{"start":{"line":136,"column":6},"end":{"line":136,"column":null}},"35":{"start":{"line":138,"column":6},"end":{"line":147,"column":null}},"36":{"start":{"line":149,"column":6},"end":{"line":149,"column":null}},"37":{"start":{"line":150,"column":6},"end":{"line":150,"column":null}}},"fnMap":{"0":{"name":"(anonymous_0)","decl":{"start":{"line":51,"column":2},"end":{"line":51,"column":9}},"loc":{"start":{"line":51,"column":56},"end":{"line":93,"column":null}},"line":51},"1":{"name":"(anonymous_1)","decl":{"start":{"line":114,"column":2},"end":{"line":114,"column":9}},"loc":{"start":{"line":114,"column":56},"end":{"line":152,"column":null}},"line":114}},"branchMap":{"0":{"loc":{"start":{"line":57,"column":6},"end":{"line":60,"column":null}},"type":"if","locations":[{"start":{"line":57,"column":6},"end":{"line":60,"column":null}},{"start":{},"end":{}}],"line":57},"1":{"loc":{"start":{"line":120,"column":6},"end":{"line":123,"column":null}},"type":"if","locations":[{"start":{"line":120,"column":6},"end":{"line":123,"column":null}},{"start":{},"end":{}}],"line":120},"2":{"loc":{"start":{"line":127,"column":6},"end":{"line":130,"column":null}},"type":"if","locations":[{"start":{"line":127,"column":6},"end":{"line":130,"column":null}},{"start":{},"end":{}}],"line":127}},"s":{"0":4,"1":4,"2":4,"3":4,"4":4,"5":4,"6":2,"7":2,"8":2,"9":2,"10":1,"11":1,"12":1,"13":1,"14":1,"15":1,"16":1,"17":1,"18":1,"19":0,"20":0,"21":4,"22":3,"23":3,"24":3,"25":3,"26":1,"27":1,"28":2,"29":2,"30":1,"31":1,"32":1,"33":1,"34":1,"35":1,"36":0,"37":0},"f":{"0":2,"1":3},"b":{"0":[1,1],"1":[1,2],"2":[1,1]},"meta":{"lastBranch":3,"lastFunction":2,"lastStatement":38,"seen":{"s:11:6:11:Infinity":0,"s:12:18:12:Infinity":1,"s:13:32:15:Infinity":2,"s:20:23:23:Infinity":3,"s:28:20:31:Infinity":4,"s:48:0:94:Infinity":5,"f:51:2:51:9":0,"s:52:4:92:Infinity":6,"s:53:34:53:Infinity":7,"s:56:27:56:Infinity":8,"b:57:6:60:Infinity:undefined:undefined:undefined:undefined":0,"s:57:6:60:Infinity":9,"s:58:8:58:Infinity":10,"s:59:8:59:Infinity":11,"s:63:29:63:Infinity":12,"s:66:19:69:Infinity":13,"s:71:6:71:Infinity":14,"s:74:21:74:Infinity":15,"s:75:20:75:Infinity":16,"s:77:6:77:Infinity":17,"s:79:6:88:Infinity":18,"s:90:6:90:Infinity":19,"s:91:6:91:Infinity":20,"s:111:0:153:Infinity":21,"f:114:2:114:9":1,"s:115:4:151:Infinity":22,"s:116:34:116:Infinity":23,"s:119:19:119:Infinity":24,"b:120:6:123:Infinity:undefined:undefined:undefined:undefined":1,"s:120:6:123:Infinity":25,"s:121:8:121:Infinity":26,"s:122:8:122:Infinity":27,"s:126:30:126:Infinity":28,"b:127:6:130:Infinity:undefined:undefined:undefined:undefined":2,"s:127:6:130:Infinity":29,"s:128:8:128:Infinity":30,"s:129:8:129:Infinity":31,"s:133:21:133:Infinity":32,"s:134:20:134:Infinity":33,"s:136:6:136:Infinity":34,"s:138:6:147:Infinity":35,"s:149:6:149:Infinity":36,"s:150:6:150:Infinity":37}}}
,"C:\\Users\\jlaumain\\Documents\\Formation Visiplus\\3ieme_etude_de_cas\\visiplus_source_2\\src\\routes\\columns.routes.ts": {"path":"C:\\Users\\jlaumain\\Documents\\Formation Visiplus\\3ieme_etude_de_cas\\visiplus_source_2\\src\\routes\\columns.routes.ts","statementMap":{"0":{"start":{"line":13,"column":6},"end":{"line":13,"column":null}},"1":{"start":{"line":18,"column":27},"end":{"line":20,"column":null}},"2":{"start":{"line":25,"column":27},"end":{"line":28,"column":null}},"3":{"start":{"line":31,"column":0},"end":{"line":31,"column":null}},"4":{"start":{"line":36,"column":0},"end":{"line":36,"column":null}},"5":{"start":{"line":41,"column":0},"end":{"line":41,"column":null}},"6":{"start":{"line":46,"column":0},"end":{"line":46,"column":null}},"7":{"start":{"line":51,"column":0},"end":{"line":51,"column":null}},"8":{"start":{"line":56,"column":0},"end":{"line":56,"column":null}}},"fnMap":{},"branchMap":{},"s":{"0":4,"1":4,"2":4,"3":4,"4":4,"5":4,"6":4,"7":4,"8":4},"f":{},"b":{},"meta":{"lastBranch":0,"lastFunction":0,"lastStatement":9,"seen":{"s:13:6:13:Infinity":0,"s:18:27:20:Infinity":1,"s:25:27:28:Infinity":2,"s:31:0:31:Infinity":3,"s:36:0:36:Infinity":4,"s:41:0:41:Infinity":5,"s:46:0:46:Infinity":6,"s:51:0:51:Infinity":7,"s:56:0:56:Infinity":8}}}
,"C:\\Users\\jlaumain\\Documents\\Formation Visiplus\\3ieme_etude_de_cas\\visiplus_source_2\\src\\routes\\index.ts": {"path":"C:\\Users\\jlaumain\\Documents\\Formation Visiplus\\3ieme_etude_de_cas\\visiplus_source_2\\src\\routes\\index.ts","statementMap":{"0":{"start":{"line":6,"column":6},"end":{"line":6,"column":null}},"1":{"start":{"line":20,"column":0},"end":{"line":20,"column":null}},"2":{"start":{"line":21,"column":0},"end":{"line":21,"column":null}},"3":{"start":{"line":22,"column":0},"end":{"line":22,"column":null}}},"fnMap":{},"branchMap":{},"s":{"0":4,"1":4,"2":4,"3":4},"f":{},"b":{},"meta":{"lastBranch":0,"lastFunction":0,"lastStatement":4,"seen":{"s:6:6:6:Infinity":0,"s:20:0:20:Infinity":1,"s:21:0:21:Infinity":2,"s:22:0:22:Infinity":3}}}
,"C:\\Users\\jlaumain\\Documents\\Formation Visiplus\\3ieme_etude_de_cas\\visiplus_source_2\\src\\routes\\ofs.routes.ts": {"path":"C:\\Users\\jlaumain\\Documents\\Formation Visiplus\\3ieme_etude_de_cas\\visiplus_source_2\\src\\routes\\ofs.routes.ts","statementMap":{"0":{"start":{"line":14,"column":6},"end":{"line":14,"column":null}},"1":{"start":{"line":19,"column":23},"end":{"line":23,"column":null}},"2":{"start":{"line":28,"column":23},"end":{"line":33,"column":null}},"3":{"start":{"line":38,"column":21},"end":{"line":41,"column":null}},"4":{"start":{"line":44,"column":0},"end":{"line":44,"column":null}},"5":{"start":{"line":50,"column":0},"end":{"line":50,"column":null}},"6":{"start":{"line":55,"column":0},"end":{"line":55,"column":null}},"7":{"start":{"line":60,"column":0},"end":{"line":60,"column":null}},"8":{"start":{"line":65,"column":0},"end":{"line":65,"column":null}},"9":{"start":{"line":70,"column":0},"end":{"line":70,"column":null}},"10":{"start":{"line":75,"column":0},"end":{"line":75,"column":null}}},"fnMap":{},"branchMap":{},"s":{"0":4,"1":4,"2":4,"3":4,"4":4,"5":4,"6":4,"7":4,"8":4,"9":4,"10":4},"f":{},"b":{},"meta":{"lastBranch":0,"lastFunction":0,"lastStatement":11,"seen":{"s:14:6:14:Infinity":0,"s:19:23:23:Infinity":1,"s:28:23:33:Infinity":2,"s:38:21:41:Infinity":3,"s:44:0:44:Infinity":4,"s:50:0:50:Infinity":5,"s:55:0:55:Infinity":6,"s:60:0:60:Infinity":7,"s:65:0:65:Infinity":8,"s:70:0:70:Infinity":9,"s:75:0:75:Infinity":10}}}
}
